2024-09-05 21:14:12,367 - INFO - Generation 1 Best Bird:
2024-09-05 21:14:12,367 - INFO - Nodes: [{'id': 0, 'type': 1, 'input_sum': 0.3887096643447876, 'output_value': 0.3887096643447876}, {'id': 1, 'type': 1, 'input_sum': 0.721818208694458, 'output_value': 0.721818208694458}, {'id': 2, 'type': 1, 'input_sum': 0.0, 'output_value': 0.0}, {'id': 3, 'type': 3, 'input_sum': 0.0, 'output_value': 0.5}, {'id': 4, 'type': 1, 'input_sum': 0.6231520175933838, 'output_value': 0.6231520175933838}]
2024-09-05 21:14:12,367 - INFO - Connections: [{'in_node_id': 0, 'out_node_id': 3, 'weight': 0.41869959235191345, 'enabled': True, 'innovation': 0}]

2024-09-05 21:14:16,797 - INFO - Generation 2 Best Bird:
2024-09-05 21:14:16,797 - INFO - Nodes: [{'id': 0, 'type': 1, 'input_sum': 0.800000011920929, 'output_value': 0.800000011920929}, {'id': 1, 'type': 1, 'input_sum': 0.721818208694458, 'output_value': 0.721818208694458}, {'id': 2, 'type': 1, 'input_sum': 0.0, 'output_value': 0.0}, {'id': 3, 'type': 3, 'input_sum': -0.182161346077919, 'output_value': 0.4545851945877075}, {'id': 4, 'type': 1, 'input_sum': 2.768364429473877, 'output_value': 2.768364429473877}]
2024-09-05 21:14:16,797 - INFO - Connections: [{'in_node_id': 4, 'out_node_id': 3, 'weight': -0.06580106914043427, 'enabled': True, 'innovation': 0}]

2024-09-05 21:14:21,049 - INFO - Generation 3 Best Bird:
2024-09-05 21:14:21,049 - INFO - Nodes: [{'id': 0, 'type': 1, 'input_sum': 0.014516129158437252, 'output_value': 0.014516129158437252}, {'id': 1, 'type': 1, 'input_sum': 0.0, 'output_value': 0.0}, {'id': 2, 'type': 1, 'input_sum': 0.14677418768405914, 'output_value': 0.14677418768405914}, {'id': 3, 'type': 3, 'input_sum': -0.015763383358716965, 'output_value': 0.49605923891067505}, {'id': 4, 'type': 1, 'input_sum': -0.04582202434539795, 'output_value': -0.04582202434539795}]
2024-09-05 21:14:21,049 - INFO - Connections: [{'in_node_id': 2, 'out_node_id': 3, 'weight': -0.31997498869895935, 'enabled': True, 'innovation': 0}, {'in_node_id': 4, 'out_node_id': 3, 'weight': -0.6809102296829224, 'enabled': True, 'innovation': 1}]

2024-09-05 21:14:25,867 - INFO - Generation 4 Best Bird:
2024-09-05 21:14:25,867 - INFO - Nodes: [{'id': 0, 'type': 1, 'input_sum': 0.8274193406105042, 'output_value': 0.8274193406105042}, {'id': 1, 'type': 1, 'input_sum': 0.721818208694458, 'output_value': 0.721818208694458}, {'id': 2, 'type': 1, 'input_sum': 0.0, 'output_value': 0.0}, {'id': 3, 'type': 3, 'input_sum': -0.7348869442939758, 'output_value': 0.3241232633590698}, {'id': 4, 'type': 1, 'input_sum': 0.8660555481910706, 'output_value': 0.8660555481910706}]
2024-09-05 21:14:25,867 - INFO - Connections: [{'in_node_id': 2, 'out_node_id': 3, 'weight': -1.1745381355285645, 'enabled': True, 'innovation': 0}, {'in_node_id': 4, 'out_node_id': 3, 'weight': -0.8485448360443115, 'enabled': True, 'innovation': 1}]

2024-09-05 21:14:30,194 - INFO - Generation 5 Best Bird:
2024-09-05 21:14:30,194 - INFO - Nodes: [{'id': 0, 'type': 1, 'input_sum': 0.7193548679351807, 'output_value': 0.7193548679351807}, {'id': 1, 'type': 1, 'input_sum': 0.721818208694458, 'output_value': 0.721818208694458}, {'id': 2, 'type': 1, 'input_sum': 0.0, 'output_value': 0.0}, {'id': 3, 'type': 3, 'input_sum': 0.0, 'output_value': 0.5}, {'id': 4, 'type': 1, 'input_sum': -0.26025986671447754, 'output_value': -0.26025986671447754}, {'id': 5, 'type': 2, 'input_sum': 0.0, 'output_value': 0.5}]
2024-09-05 21:14:30,194 - INFO - Connections: [{'in_node_id': 0, 'out_node_id': 3, 'weight': 0.5925743579864502, 'enabled': True, 'innovation': 0}]

2024-09-05 21:14:34,508 - INFO - Generation 6 Best Bird:
2024-09-05 21:14:34,508 - INFO - Nodes: [{'id': 0, 'type': 1, 'input_sum': 0.41290321946144104, 'output_value': 0.41290321946144104}, {'id': 1, 'type': 1, 'input_sum': 0.721818208694458, 'output_value': 0.721818208694458}, {'id': 2, 'type': 1, 'input_sum': 0.0, 'output_value': 0.0}, {'id': 3, 'type': 3, 'input_sum': 0.0, 'output_value': 0.5}, {'id': 4, 'type': 1, 'input_sum': 0.7729004621505737, 'output_value': 0.7729004621505737}]
2024-09-05 21:14:34,508 - INFO - Connections: [{'in_node_id': 0, 'out_node_id': 3, 'weight': 0.031232669949531555, 'enabled': True, 'innovation': 0}]

2024-09-05 21:14:38,847 - INFO - Generation 7 Best Bird:
2024-09-05 21:14:38,847 - INFO - Nodes: [{'id': 0, 'type': 1, 'input_sum': 0.6709677577018738, 'output_value': 0.6709677577018738}, {'id': 1, 'type': 1, 'input_sum': 0.721818208694458, 'output_value': 0.721818208694458}, {'id': 2, 'type': 1, 'input_sum': 0.0, 'output_value': 0.0}, {'id': 3, 'type': 3, 'input_sum': 0.0, 'output_value': 0.5}, {'id': 4, 'type': 1, 'input_sum': 0.4219371974468231, 'output_value': 0.4219371974468231}]
2024-09-05 21:14:38,847 - INFO - Connections: [{'in_node_id': 0, 'out_node_id': 3, 'weight': 0.3857543468475342, 'enabled': True, 'innovation': 0}]

2024-09-05 21:14:43,129 - INFO - Generation 8 Best Bird:
2024-09-05 21:14:43,129 - INFO - Nodes: [{'id': 0, 'type': 1, 'input_sum': 0.47096773982048035, 'output_value': 0.47096773982048035}, {'id': 1, 'type': 1, 'input_sum': 0.721818208694458, 'output_value': 0.721818208694458}, {'id': 2, 'type': 1, 'input_sum': 0.0, 'output_value': 0.0}, {'id': 3, 'type': 3, 'input_sum': 0.0, 'output_value': 0.5}, {'id': 4, 'type': 1, 'input_sum': -0.24651825428009033, 'output_value': -0.24651825428009033}]
2024-09-05 21:14:43,129 - INFO - Connections: [{'in_node_id': 0, 'out_node_id': 3, 'weight': -1.1130214929580688, 'enabled': True, 'innovation': 0}]

2024-09-05 21:14:47,487 - INFO - Generation 9 Best Bird:
2024-09-05 21:14:47,487 - INFO - Nodes: [{'id': 0, 'type': 1, 'input_sum': 0.5645161271095276, 'output_value': 0.5645161271095276}, {'id': 1, 'type': 1, 'input_sum': 0.721818208694458, 'output_value': 0.721818208694458}, {'id': 2, 'type': 1, 'input_sum': 0.0, 'output_value': 0.0}, {'id': 3, 'type': 3, 'input_sum': 0.0, 'output_value': 0.5}, {'id': 4, 'type': 1, 'input_sum': 0.7205299139022827, 'output_value': 0.7205299139022827}]
2024-09-05 21:14:47,487 - INFO - Connections: [{'in_node_id': 0, 'out_node_id': 3, 'weight': -1.4111896753311157, 'enabled': True, 'innovation': 0}, {'in_node_id': 2, 'out_node_id': 3, 'weight': -0.3847765624523163, 'enabled': True, 'innovation': 1}]

2024-09-05 21:14:51,815 - INFO - Generation 10 Best Bird:
2024-09-05 21:14:51,815 - INFO - Nodes: [{'id': 0, 'type': 1, 'input_sum': 0.1483870893716812, 'output_value': 0.1483870893716812}, {'id': 1, 'type': 1, 'input_sum': 0.0, 'output_value': 0.0}, {'id': 2, 'type': 1, 'input_sum': 0.012903225608170033, 'output_value': 0.012903225608170033}, {'id': 3, 'type': 3, 'input_sum': -0.010272606275975704, 'output_value': 0.4974319040775299}, {'id': 4, 'type': 1, 'input_sum': 0.9859086275100708, 'output_value': 0.9859086275100708}, {'id': 5, 'type': 2, 'input_sum': 0.0, 'output_value': 0.5}]
2024-09-05 21:14:51,815 - INFO - Connections: [{'in_node_id': 2, 'out_node_id': 3, 'weight': -0.7961270213127136, 'enabled': True, 'innovation': 0}, {'in_node_id': 1, 'out_node_id': 3, 'weight': 0.9150460958480835, 'enabled': True, 'innovation': 1}]

2024-09-05 21:14:56,101 - INFO - Generation 11 Best Bird:
2024-09-05 21:14:56,101 - INFO - Nodes: [{'id': 0, 'type': 1, 'input_sum': 0.15322580933570862, 'output_value': 0.15322580933570862}, {'id': 1, 'type': 1, 'input_sum': 0.0, 'output_value': 0.0}, {'id': 2, 'type': 1, 'input_sum': 0.008064515888690948, 'output_value': 0.008064515888690948}, {'id': 3, 'type': 3, 'input_sum': -0.00676002399995923, 'output_value': 0.4983099699020386}, {'id': 4, 'type': 1, 'input_sum': 0.5606096982955933, 'output_value': 0.5606096982955933}, {'id': 5, 'type': 2, 'input_sum': 0.0, 'output_value': 0.5}]
2024-09-05 21:14:56,101 - INFO - Connections: [{'in_node_id': 2, 'out_node_id': 3, 'weight': -0.8382430076599121, 'enabled': True, 'innovation': 0}, {'in_node_id': 1, 'out_node_id': 3, 'weight': 0.9056355357170105, 'enabled': True, 'innovation': 1}]

2024-09-05 21:15:00,394 - INFO - Generation 12 Best Bird:
2024-09-05 21:15:00,394 - INFO - Nodes: [{'id': 0, 'type': 1, 'input_sum': 0.15161290764808655, 'output_value': 0.15161290764808655}, {'id': 1, 'type': 1, 'input_sum': 0.0, 'output_value': 0.0}, {'id': 2, 'type': 1, 'input_sum': 0.009677419438958168, 'output_value': 0.009677419438958168}, {'id': 3, 'type': 3, 'input_sum': -0.009904072619974613, 'output_value': 0.4975239336490631}, {'id': 4, 'type': 1, 'input_sum': 0.11455073952674866, 'output_value': 0.11455073952674866}, {'id': 5, 'type': 2, 'input_sum': -0.005826594308018684, 'output_value': 0.4985433518886566}]
2024-09-05 21:15:00,394 - INFO - Connections: [{'in_node_id': 2, 'out_node_id': 3, 'weight': -1.023420810699463, 'enabled': True, 'innovation': 0}, {'in_node_id': 1, 'out_node_id': 3, 'weight': 0.8944056630134583, 'enabled': True, 'innovation': 1}, {'in_node_id': 2, 'out_node_id': 5, 'weight': -0.6020814180374146, 'enabled': True, 'innovation': 2}]

2024-09-05 21:15:04,687 - INFO - Generation 13 Best Bird:
2024-09-05 21:15:04,687 - INFO - Nodes: [{'id': 0, 'type': 1, 'input_sum': 0.15000000596046448, 'output_value': 0.15000000596046448}, {'id': 1, 'type': 1, 'input_sum': 0.0, 'output_value': 0.0}, {'id': 2, 'type': 1, 'input_sum': 0.011290322989225388, 'output_value': 0.011290322989225388}, {'id': 3, 'type': 3, 'input_sum': -0.009170939214527607, 'output_value': 0.4977073073387146}, {'id': 4, 'type': 1, 'input_sum': 0.9563935995101929, 'output_value': 0.9563935995101929}, {'id': 5, 'type': 2, 'input_sum': 0.0, 'output_value': 0.5}]
2024-09-05 21:15:04,687 - INFO - Connections: [{'in_node_id': 2, 'out_node_id': 3, 'weight': -0.8122831583023071, 'enabled': True, 'innovation': 0}, {'in_node_id': 1, 'out_node_id': 3, 'weight': 0.5664407014846802, 'enabled': True, 'innovation': 1}]

2024-09-05 21:15:29,010 - INFO - Generation 14 Best Bird:
2024-09-05 21:15:29,010 - INFO - Nodes: [{'id': 0, 'type': 1, 'input_sum': 0.05161290243268013, 'output_value': 0.05161290243268013}, {'id': 1, 'type': 1, 'input_sum': 0.0, 'output_value': 0.0}, {'id': 2, 'type': 1, 'input_sum': 0.10967741906642914, 'output_value': 0.10967741906642914}, {'id': 3, 'type': 3, 'input_sum': -0.036072779446840286, 'output_value': 0.4909828007221222}, {'id': 4, 'type': 1, 'input_sum': 0.14299431443214417, 'output_value': 0.14299431443214417}, {'id': 5, 'type': 2, 'input_sum': 0.0, 'output_value': 0.5}, {'id': 6, 'type': 2, 'input_sum': 0.0, 'output_value': 0.5}]
2024-09-05 21:15:29,010 - INFO - Connections: [{'in_node_id': 2, 'out_node_id': 3, 'weight': -0.7265658974647522, 'enabled': True, 'innovation': 0}, {'in_node_id': 4, 'out_node_id': 3, 'weight': 0.3050127625465393, 'enabled': True, 'innovation': 1}]

2024-09-05 21:15:55,113 - INFO - Generation 15 Best Bird:
2024-09-05 21:15:55,113 - INFO - Nodes: [{'id': 0, 'type': 1, 'input_sum': 0.05645161122083664, 'output_value': 0.05645161122083664}, {'id': 1, 'type': 1, 'input_sum': 0.0, 'output_value': 0.0}, {'id': 2, 'type': 1, 'input_sum': 0.10483870655298233, 'output_value': 0.10483870655298233}, {'id': 3, 'type': 3, 'input_sum': -0.026743091642856598, 'output_value': 0.49331462383270264}, {'id': 4, 'type': 1, 'input_sum': 0.1745249330997467, 'output_value': 0.1745249330997467}, {'id': 5, 'type': 2, 'input_sum': 0.0, 'output_value': 0.5}, {'id': 6, 'type': 2, 'input_sum': 0.0, 'output_value': 0.5}]
2024-09-05 21:15:55,113 - INFO - Connections: [{'in_node_id': 2, 'out_node_id': 3, 'weight': -0.6056815385818481, 'enabled': True, 'innovation': 0}, {'in_node_id': 4, 'out_node_id': 3, 'weight': 0.2106047421693802, 'enabled': True, 'innovation': 1}]

2024-09-05 21:16:25,404 - INFO - Generation 16 Best Bird:
2024-09-05 21:16:25,404 - INFO - Nodes: [{'id': 0, 'type': 1, 'input_sum': 0.08870967477560043, 'output_value': 0.08870967477560043}, {'id': 1, 'type': 1, 'input_sum': 0.0, 'output_value': 0.0}, {'id': 2, 'type': 1, 'input_sum': 0.07258064299821854, 'output_value': 0.07258064299821854}, {'id': 3, 'type': 3, 'input_sum': 0.009340159595012665, 'output_value': 0.5023350119590759}, {'id': 4, 'type': 1, 'input_sum': 0.17030668258666992, 'output_value': 0.17030668258666992}, {'id': 5, 'type': 2, 'input_sum': 0.0, 'output_value': 0.5}, {'id': 6, 'type': 2, 'input_sum': 0.0, 'output_value': 0.5}]
2024-09-05 21:16:25,404 - INFO - Connections: [{'in_node_id': 2, 'out_node_id': 3, 'weight': -0.9819915294647217, 'enabled': True, 'innovation': 0}, {'in_node_id': 4, 'out_node_id': 3, 'weight': 0.4733445644378662, 'enabled': True, 'innovation': 1}]

2024-09-05 21:16:47,542 - INFO - Generation 17 Best Bird:
2024-09-05 21:16:47,542 - INFO - Nodes: [{'id': 0, 'type': 1, 'input_sum': 0.03548387065529823, 'output_value': 0.03548387065529823}, {'id': 1, 'type': 1, 'input_sum': 0.0, 'output_value': 0.0}, {'id': 2, 'type': 1, 'input_sum': 0.12580645084381104, 'output_value': 0.12580645084381104}, {'id': 3, 'type': 3, 'input_sum': -0.028270039707422256, 'output_value': 0.4929329752922058}, {'id': 4, 'type': 1, 'input_sum': 0.2935337722301483, 'output_value': 0.2935337722301483}, {'id': 5, 'type': 2, 'input_sum': 0.0, 'output_value': 0.5}, {'id': 6, 'type': 2, 'input_sum': 0.0, 'output_value': 0.5}]
2024-09-05 21:16:47,542 - INFO - Connections: [{'in_node_id': 2, 'out_node_id': 3, 'weight': -0.6633107662200928, 'enabled': True, 'innovation': 0}, {'in_node_id': 4, 'out_node_id': 3, 'weight': 0.18798087537288666, 'enabled': True, 'innovation': 1}]

2024-09-05 21:17:09,539 - INFO - Generation 18 Best Bird:
2024-09-05 21:17:09,539 - INFO - Nodes: [{'id': 0, 'type': 1, 'input_sum': 0.09193548560142517, 'output_value': 0.09193548560142517}, {'id': 1, 'type': 1, 'input_sum': 0.0, 'output_value': 0.0}, {'id': 2, 'type': 1, 'input_sum': 0.0693548396229744, 'output_value': 0.0693548396229744}, {'id': 3, 'type': 3, 'input_sum': -0.024070242419838905, 'output_value': 0.4939827620983124}, {'id': 4, 'type': 1, 'input_sum': 0.13142120838165283, 'output_value': 0.13142120838165283}, {'id': 5, 'type': 2, 'input_sum': 0.0, 'output_value': 0.5}, {'id': 6, 'type': 2, 'input_sum': 0.0, 'output_value': 0.5}]
2024-09-05 21:17:09,539 - INFO - Connections: [{'in_node_id': 2, 'out_node_id': 3, 'weight': -0.6633107662200928, 'enabled': True, 'innovation': 0}, {'in_node_id': 4, 'out_node_id': 3, 'weight': 0.16689519584178925, 'enabled': True, 'innovation': 1}]

2024-09-05 21:17:32,018 - INFO - Generation 19 Best Bird:
2024-09-05 21:17:32,018 - INFO - Nodes: [{'id': 0, 'type': 1, 'input_sum': 0.08064515888690948, 'output_value': 0.08064515888690948}, {'id': 1, 'type': 1, 'input_sum': 0.0, 'output_value': 0.0}, {'id': 2, 'type': 1, 'input_sum': 0.08064515888690948, 'output_value': 0.08064515888690948}, {'id': 3, 'type': 3, 'input_sum': -0.020794661715626717, 'output_value': 0.4948015511035919}, {'id': 4, 'type': 1, 'input_sum': 0.09128117561340332, 'output_value': 0.09128117561340332}, {'id': 5, 'type': 2, 'input_sum': 0.0, 'output_value': 0.5}, {'id': 6, 'type': 2, 'input_sum': 0.0, 'output_value': 0.5}]
2024-09-05 21:17:32,018 - INFO - Connections: [{'in_node_id': 2, 'out_node_id': 3, 'weight': -0.5148568153381348, 'enabled': True, 'innovation': 0}, {'in_node_id': 4, 'out_node_id': 3, 'weight': 0.22705721855163574, 'enabled': True, 'innovation': 1}]

2024-09-05 21:17:54,278 - INFO - Generation 20 Best Bird:
2024-09-05 21:17:54,278 - INFO - Nodes: [{'id': 0, 'type': 1, 'input_sum': 0.0741935446858406, 'output_value': 0.0741935446858406}, {'id': 1, 'type': 1, 'input_sum': 0.0, 'output_value': 0.0}, {'id': 2, 'type': 1, 'input_sum': 0.08709677308797836, 'output_value': 0.08709677308797836}, {'id': 3, 'type': 3, 'input_sum': -0.02115364745259285, 'output_value': 0.4947117865085602}, {'id': 4, 'type': 1, 'input_sum': 0.12663036584854126, 'output_value': 0.12663036584854126}, {'id': 5, 'type': 2, 'input_sum': -0.08557704836130142, 'output_value': 0.4786188006401062}, {'id': 6, 'type': 2, 'input_sum': 0.0, 'output_value': 0.5}, {'id': 7, 'type': 2, 'input_sum': 0.0, 'output_value': 0.5}]
2024-09-05 21:17:54,278 - INFO - Connections: [{'in_node_id': 2, 'out_node_id': 3, 'weight': -0.6431270837783813, 'enabled': True, 'innovation': 0}, {'in_node_id': 4, 'out_node_id': 3, 'weight': 0.2752945125102997, 'enabled': True, 'innovation': 1}, {'in_node_id': 4, 'out_node_id': 5, 'weight': -0.6758019328117371, 'enabled': True, 'innovation': 2}]

2024-09-05 21:18:16,417 - INFO - Generation 21 Best Bird:
2024-09-05 21:18:16,417 - INFO - Nodes: [{'id': 0, 'type': 1, 'input_sum': 0.0532258078455925, 'output_value': 0.0532258078455925}, {'id': 1, 'type': 1, 'input_sum': 0.0, 'output_value': 0.0}, {'id': 2, 'type': 1, 'input_sum': 0.10806451737880707, 'output_value': 0.10806451737880707}, {'id': 3, 'type': 3, 'input_sum': -0.051189955323934555, 'output_value': 0.48720529675483704}, {'id': 4, 'type': 1, 'input_sum': -0.6328315138816833, 'output_value': -0.6328315138816833}, {'id': 5, 'type': 2, 'input_sum': 0.0, 'output_value': 0.5}, {'id': 6, 'type': 2, 'input_sum': 0.0, 'output_value': 0.5}]
2024-09-05 21:18:16,417 - INFO - Connections: [{'in_node_id': 2, 'out_node_id': 3, 'weight': -0.9229282140731812, 'enabled': True, 'innovation': 0}, {'in_node_id': 4, 'out_node_id': 3, 'weight': -0.07671210169792175, 'enabled': True, 'innovation': 1}]

2024-09-05 21:18:52,319 - INFO - Generation 22 Best Bird:
2024-09-05 21:18:52,319 - INFO - Nodes: [{'id': 0, 'type': 1, 'input_sum': 0.0741935446858406, 'output_value': 0.0741935446858406}, {'id': 1, 'type': 1, 'input_sum': 0.0, 'output_value': 0.0}, {'id': 2, 'type': 1, 'input_sum': 0.08709677308797836, 'output_value': 0.08709677308797836}, {'id': 3, 'type': 3, 'input_sum': -0.010705456137657166, 'output_value': 0.4973236620426178}, {'id': 4, 'type': 1, 'input_sum': 0.12731310725212097, 'output_value': 0.12731310725212097}, {'id': 5, 'type': 2, 'input_sum': 0.0, 'output_value': 0.5}, {'id': 6, 'type': 2, 'input_sum': 0.0, 'output_value': 0.5}]
2024-09-05 21:18:52,319 - INFO - Connections: [{'in_node_id': 2, 'out_node_id': 3, 'weight': -0.5543668270111084, 'enabled': True, 'innovation': 0}, {'in_node_id': 4, 'out_node_id': 3, 'weight': 0.2951628863811493, 'enabled': True, 'innovation': 1}]

2024-09-05 21:19:18,279 - INFO - Generation 23 Best Bird:
2024-09-05 21:19:18,279 - INFO - Nodes: [{'id': 0, 'type': 1, 'input_sum': 0.07741935551166534, 'output_value': 0.07741935551166534}, {'id': 1, 'type': 1, 'input_sum': 0.0, 'output_value': 0.0}, {'id': 2, 'type': 1, 'input_sum': 0.08387096971273422, 'output_value': 0.08387096971273422}, {'id': 3, 'type': 3, 'input_sum': -0.0020043961703777313, 'output_value': 0.4994988739490509}, {'id': 4, 'type': 1, 'input_sum': 0.38039568066596985, 'output_value': 0.38039568066596985}, {'id': 5, 'type': 2, 'input_sum': 0.0, 'output_value': 0.5}, {'id': 6, 'type': 2, 'input_sum': 0.0, 'output_value': 0.5}]
2024-09-05 21:19:18,279 - INFO - Connections: [{'in_node_id': 2, 'out_node_id': 3, 'weight': -0.7583974003791809, 'enabled': True, 'innovation': 0}, {'in_node_id': 4, 'out_node_id': 3, 'weight': 0.16194488108158112, 'enabled': True, 'innovation': 1}]

2024-09-05 21:19:40,525 - INFO - Generation 24 Best Bird:
2024-09-05 21:19:40,525 - INFO - Nodes: [{'id': 0, 'type': 1, 'input_sum': 0.07580645382404327, 'output_value': 0.07580645382404327}, {'id': 1, 'type': 1, 'input_sum': 0.0, 'output_value': 0.0}, {'id': 2, 'type': 1, 'input_sum': 0.08548387140035629, 'output_value': 0.08548387140035629}, {'id': 3, 'type': 3, 'input_sum': -0.028887968510389328, 'output_value': 0.4927785098552704}, {'id': 4, 'type': 1, 'input_sum': -0.20046544075012207, 'output_value': -0.20046544075012207}, {'id': 5, 'type': 2, 'input_sum': 0.0, 'output_value': 0.5}, {'id': 6, 'type': 2, 'input_sum': 0.0, 'output_value': 0.5}]
2024-09-05 21:19:40,525 - INFO - Connections: [{'in_node_id': 2, 'out_node_id': 3, 'weight': -0.6332691311836243, 'enabled': True, 'innovation': 0}, {'in_node_id': 4, 'out_node_id': 3, 'weight': -0.1259385645389557, 'enabled': True, 'innovation': 1}]

2024-09-05 21:20:02,591 - INFO - Generation 25 Best Bird:
2024-09-05 21:20:02,591 - INFO - Nodes: [{'id': 0, 'type': 1, 'input_sum': 0.0370967723429203, 'output_value': 0.0370967723429203}, {'id': 1, 'type': 1, 'input_sum': 0.0, 'output_value': 0.0}, {'id': 2, 'type': 1, 'input_sum': 0.12419354915618896, 'output_value': 0.12419354915618896}, {'id': 3, 'type': 3, 'input_sum': -0.04576507955789566, 'output_value': 0.4885607063770294}, {'id': 4, 'type': 1, 'input_sum': 0.29001885652542114, 'output_value': 0.29001885652542114}, {'id': 5, 'type': 2, 'input_sum': 0.0, 'output_value': 0.5}, {'id': 6, 'type': 2, 'input_sum': 0.0, 'output_value': 0.5}]
2024-09-05 21:20:02,591 - INFO - Connections: [{'in_node_id': 2, 'out_node_id': 3, 'weight': -0.8326019644737244, 'enabled': True, 'innovation': 0}, {'in_node_id': 4, 'out_node_id': 3, 'weight': 0.19874125719070435, 'enabled': True, 'innovation': 1}]

2024-09-05 21:20:24,731 - INFO - Generation 26 Best Bird:
2024-09-05 21:20:24,731 - INFO - Nodes: [{'id': 0, 'type': 1, 'input_sum': 0.05967741832137108, 'output_value': 0.05967741832137108}, {'id': 1, 'type': 1, 'input_sum': 0.0, 'output_value': 0.0}, {'id': 2, 'type': 1, 'input_sum': 0.10161290317773819, 'output_value': 0.10161290317773819}, {'id': 3, 'type': 3, 'input_sum': -0.02637440338730812, 'output_value': 0.4934067726135254}, {'id': 4, 'type': 1, 'input_sum': 0.20924803614616394, 'output_value': 0.20924803614616394}, {'id': 5, 'type': 2, 'input_sum': 0.0, 'output_value': 0.5}, {'id': 6, 'type': 2, 'input_sum': 0.0, 'output_value': 0.5}, {'id': 7, 'type': 2, 'input_sum': 0.0, 'output_value': 0.5}]
2024-09-05 21:20:24,732 - INFO - Connections: [{'in_node_id': 2, 'out_node_id': 3, 'weight': -0.7897669076919556, 'enabled': True, 'innovation': 0}, {'in_node_id': 4, 'out_node_id': 3, 'weight': 0.2574748396873474, 'enabled': True, 'innovation': 1}]

2024-09-05 21:20:52,790 - INFO - Generation 27 Best Bird:
2024-09-05 21:20:52,790 - INFO - Nodes: [{'id': 0, 'type': 1, 'input_sum': 0.0693548396229744, 'output_value': 0.0693548396229744}, {'id': 1, 'type': 1, 'input_sum': 0.0, 'output_value': 0.0}, {'id': 2, 'type': 1, 'input_sum': 0.09193548560142517, 'output_value': 0.09193548560142517}, {'id': 3, 'type': 3, 'input_sum': -0.04427787661552429, 'output_value': 0.4889323115348816}, {'id': 4, 'type': 1, 'input_sum': 0.9048571586608887, 'output_value': 0.9048571586608887}, {'id': 5, 'type': 2, 'input_sum': 0.0, 'output_value': 0.5}, {'id': 6, 'type': 2, 'input_sum': 0.0, 'output_value': 0.5}]
2024-09-05 21:20:52,790 - INFO - Connections: [{'in_node_id': 2, 'out_node_id': 3, 'weight': -0.9675285816192627, 'enabled': True, 'innovation': 0}, {'in_node_id': 4, 'out_node_id': 3, 'weight': 0.049369484186172485, 'enabled': True, 'innovation': 1}]

2024-09-05 21:21:15,029 - INFO - Generation 28 Best Bird:
2024-09-05 21:21:15,030 - INFO - Nodes: [{'id': 0, 'type': 1, 'input_sum': 0.06451612710952759, 'output_value': 0.06451612710952759}, {'id': 1, 'type': 1, 'input_sum': 0.0, 'output_value': 0.0}, {'id': 2, 'type': 1, 'input_sum': 0.09677419066429138, 'output_value': 0.09677419066429138}, {'id': 3, 'type': 3, 'input_sum': -0.012320857495069504, 'output_value': 0.4969198405742645}, {'id': 4, 'type': 1, 'input_sum': 0.15889674425125122, 'output_value': 0.15889674425125122}, {'id': 5, 'type': 2, 'input_sum': 0.0, 'output_value': 0.5}, {'id': 6, 'type': 2, 'input_sum': 0.0, 'output_value': 0.5}, {'id': 7, 'type': 2, 'input_sum': 0.0, 'output_value': 0.5}, {'id': 8, 'type': 2, 'input_sum': 0.0, 'output_value': 0.5}]
2024-09-05 21:21:15,030 - INFO - Connections: [{'in_node_id': 2, 'out_node_id': 3, 'weight': -0.6294242739677429, 'enabled': True, 'innovation': 0}, {'in_node_id': 4, 'out_node_id': 3, 'weight': 0.30580341815948486, 'enabled': True, 'innovation': 1}, {'in_node_id': 0, 'out_node_id': 6, 'weight': -0.41595906019210815, 'enabled': True, 'innovation': 2}]

2024-09-05 21:21:37,345 - INFO - Generation 29 Best Bird:
2024-09-05 21:21:37,346 - INFO - Nodes: [{'id': 0, 'type': 1, 'input_sum': 0.07741935551166534, 'output_value': 0.07741935551166534}, {'id': 1, 'type': 1, 'input_sum': 0.0, 'output_value': 0.0}, {'id': 2, 'type': 1, 'input_sum': 0.08387096971273422, 'output_value': 0.08387096971273422}, {'id': 3, 'type': 3, 'input_sum': -0.04743608087301254, 'output_value': 0.4881432056427002}, {'id': 4, 'type': 1, 'input_sum': 0.10458506643772125, 'output_value': 0.10458506643772125}, {'id': 5, 'type': 2, 'input_sum': 0.0, 'output_value': 0.5}, {'id': 6, 'type': 2, 'input_sum': 0.0, 'output_value': 0.5}]
2024-09-05 21:21:37,346 - INFO - Connections: [{'in_node_id': 2, 'out_node_id': 3, 'weight': -0.8643618226051331, 'enabled': True, 'innovation': 0}, {'in_node_id': 4, 'out_node_id': 3, 'weight': 0.23960193991661072, 'enabled': True, 'innovation': 1}]

2024-09-05 21:21:59,516 - INFO - Generation 30 Best Bird:
2024-09-05 21:21:59,516 - INFO - Nodes: [{'id': 0, 'type': 1, 'input_sum': 0.07903225719928741, 'output_value': 0.07903225719928741}, {'id': 1, 'type': 1, 'input_sum': 0.0, 'output_value': 0.0}, {'id': 2, 'type': 1, 'input_sum': 0.08225806802511215, 'output_value': 0.08225806802511215}, {'id': 3, 'type': 3, 'input_sum': -0.05337955802679062, 'output_value': 0.4866582453250885}, {'id': 4, 'type': 1, 'input_sum': 0.09821498394012451, 'output_value': 0.09821498394012451}, {'id': 5, 'type': 2, 'input_sum': 0.0, 'output_value': 0.5}, {'id': 6, 'type': 2, 'input_sum': 0.0, 'output_value': 0.5}]
2024-09-05 21:21:59,516 - INFO - Connections: [{'in_node_id': 2, 'out_node_id': 3, 'weight': -1.1140700578689575, 'enabled': True, 'innovation': 0}, {'in_node_id': 4, 'out_node_id': 3, 'weight': 0.38957080245018005, 'enabled': True, 'innovation': 1}]

2024-09-05 21:22:21,696 - INFO - Generation 31 Best Bird:
2024-09-05 21:22:21,696 - INFO - Nodes: [{'id': 0, 'type': 1, 'input_sum': 0.07580645382404327, 'output_value': 0.07580645382404327}, {'id': 1, 'type': 1, 'input_sum': 0.0, 'output_value': 0.0}, {'id': 2, 'type': 1, 'input_sum': 0.08548387140035629, 'output_value': 0.08548387140035629}, {'id': 3, 'type': 3, 'input_sum': -0.014626502990722656, 'output_value': 0.4963434338569641}, {'id': 4, 'type': 1, 'input_sum': 0.6800387501716614, 'output_value': 0.6800387501716614}, {'id': 5, 'type': 2, 'input_sum': 0.0, 'output_value': 0.5}, {'id': 6, 'type': 2, 'input_sum': 0.0, 'output_value': 0.5}, {'id': 7, 'type': 2, 'input_sum': 0.0, 'output_value': 0.5}]
2024-09-05 21:22:21,696 - INFO - Connections: [{'in_node_id': 2, 'out_node_id': 3, 'weight': -1.3558591604232788, 'enabled': True, 'innovation': 0}, {'in_node_id': 4, 'out_node_id': 3, 'weight': 0.1489291489124298, 'enabled': True, 'innovation': 1}, {'in_node_id': 0, 'out_node_id': 3, 'weight': -0.42997172474861145, 'enabled': True, 'innovation': 2}, {'in_node_id': 0, 'out_node_id': 7, 'weight': 1.0467479228973389, 'enabled': True, 'innovation': 3}]

2024-09-05 21:22:44,021 - INFO - Generation 32 Best Bird:
2024-09-05 21:22:44,021 - INFO - Nodes: [{'id': 0, 'type': 1, 'input_sum': 0.07096774131059647, 'output_value': 0.07096774131059647}, {'id': 1, 'type': 1, 'input_sum': 0.0, 'output_value': 0.0}, {'id': 2, 'type': 1, 'input_sum': 0.0903225839138031, 'output_value': 0.0903225839138031}, {'id': 3, 'type': 3, 'input_sum': -0.049204565584659576, 'output_value': 0.4877013862133026}, {'id': 4, 'type': 1, 'input_sum': 0.3502497673034668, 'output_value': 0.3502497673034668}, {'id': 5, 'type': 2, 'input_sum': 0.0, 'output_value': 0.5}, {'id': 6, 'type': 2, 'input_sum': 0.0, 'output_value': 0.5}]
2024-09-05 21:22:44,021 - INFO - Connections: [{'in_node_id': 2, 'out_node_id': 3, 'weight': -0.9089968204498291, 'enabled': True, 'innovation': 0}, {'in_node_id': 4, 'out_node_id': 3, 'weight': 0.09392832964658737, 'enabled': True, 'innovation': 1}]

2024-09-05 21:23:06,083 - INFO - Generation 33 Best Bird:
2024-09-05 21:23:06,083 - INFO - Nodes: [{'id': 0, 'type': 1, 'input_sum': 0.07580645382404327, 'output_value': 0.07580645382404327}, {'id': 1, 'type': 1, 'input_sum': 0.0, 'output_value': 0.0}, {'id': 2, 'type': 1, 'input_sum': 0.08548387140035629, 'output_value': 0.08548387140035629}, {'id': 3, 'type': 3, 'input_sum': -0.06021682918071747, 'output_value': 0.48495033383369446}, {'id': 4, 'type': 1, 'input_sum': 0.2382505238056183, 'output_value': 0.2382505238056183}, {'id': 5, 'type': 2, 'input_sum': 0.0, 'output_value': 0.5}, {'id': 6, 'type': 2, 'input_sum': 0.0, 'output_value': 0.5}]
2024-09-05 21:23:06,083 - INFO - Connections: [{'in_node_id': 2, 'out_node_id': 3, 'weight': -1.1415549516677856, 'enabled': True, 'innovation': 0}, {'in_node_id': 4, 'out_node_id': 3, 'weight': 0.15684208273887634, 'enabled': True, 'innovation': 1}, {'in_node_id': 1, 'out_node_id': 6, 'weight': -0.6770827174186707, 'enabled': True, 'innovation': 2}]

2024-09-05 21:23:28,427 - INFO - Generation 34 Best Bird:
2024-09-05 21:23:28,427 - INFO - Nodes: [{'id': 0, 'type': 1, 'input_sum': 0.04354838654398918, 'output_value': 0.04354838654398918}, {'id': 1, 'type': 1, 'input_sum': 0.0, 'output_value': 0.0}, {'id': 2, 'type': 1, 'input_sum': 0.11774193495512009, 'output_value': 0.11774193495512009}, {'id': 3, 'type': 3, 'input_sum': -0.059733666479587555, 'output_value': 0.48507097363471985}, {'id': 4, 'type': 1, 'input_sum': 0.24682006239891052, 'output_value': 0.24682006239891052}, {'id': 5, 'type': 2, 'input_sum': 0.0, 'output_value': 0.5}, {'id': 6, 'type': 2, 'input_sum': 0.0, 'output_value': 0.5}, {'id': 7, 'type': 2, 'input_sum': 0.0, 'output_value': 0.5}]
2024-09-05 21:23:28,427 - INFO - Connections: [{'in_node_id': 2, 'out_node_id': 3, 'weight': -1.1519733667373657, 'enabled': True, 'innovation': 0}, {'in_node_id': 4, 'out_node_id': 3, 'weight': 0.30751916766166687, 'enabled': True, 'innovation': 1}, {'in_node_id': 0, 'out_node_id': 6, 'weight': -0.10946778208017349, 'enabled': True, 'innovation': 2}]

2024-09-05 21:23:50,655 - INFO - Generation 35 Best Bird:
2024-09-05 21:23:50,655 - INFO - Nodes: [{'id': 0, 'type': 1, 'input_sum': 0.0741935446858406, 'output_value': 0.0741935446858406}, {'id': 1, 'type': 1, 'input_sum': 0.0, 'output_value': 0.0}, {'id': 2, 'type': 1, 'input_sum': 0.08709677308797836, 'output_value': 0.08709677308797836}, {'id': 3, 'type': 3, 'input_sum': -0.06349004060029984, 'output_value': 0.4841328263282776}, {'id': 4, 'type': 1, 'input_sum': 0.3982775807380676, 'output_value': 0.3982775807380676}, {'id': 5, 'type': 2, 'input_sum': 0.0, 'output_value': 0.5}, {'id': 6, 'type': 2, 'input_sum': 0.0, 'output_value': 0.5}, {'id': 7, 'type': 2, 'input_sum': 0.0, 'output_value': 0.5}, {'id': 8, 'type': 2, 'input_sum': 0.0, 'output_value': 0.5}]
2024-09-05 21:23:50,655 - INFO - Connections: [{'in_node_id': 2, 'out_node_id': 3, 'weight': -1.2373064756393433, 'enabled': True, 'innovation': 0}, {'in_node_id': 4, 'out_node_id': 3, 'weight': -0.0493168979883194, 'enabled': True, 'innovation': 1}, {'in_node_id': 0, 'out_node_id': 3, 'weight': 2.4553399085998535, 'enabled': True, 'innovation': 2}, {'in_node_id': 8, 'out_node_id': 3, 'weight': 0.12783433496952057, 'enabled': True, 'innovation': 3}]

2024-09-05 21:23:52,771 - INFO - Generation 36 Best Bird:
2024-09-05 21:23:52,771 - INFO - Nodes: [{'id': 0, 'type': 1, 'input_sum': 0.09516128897666931, 'output_value': 0.09516128897666931}, {'id': 1, 'type': 1, 'input_sum': 0.4872727394104004, 'output_value': 0.4872727394104004}, {'id': 2, 'type': 1, 'input_sum': 0.06612902879714966, 'output_value': 0.06612902879714966}, {'id': 3, 'type': 3, 'input_sum': -0.032788731157779694, 'output_value': 0.4918035864830017}, {'id': 4, 'type': 1, 'input_sum': 0.32668909430503845, 'output_value': 0.32668909430503845}, {'id': 5, 'type': 2, 'input_sum': 0.0, 'output_value': 0.5}, {'id': 6, 'type': 2, 'input_sum': 0.0, 'output_value': 0.5}]
2024-09-05 21:23:52,771 - INFO - Connections: [{'in_node_id': 2, 'out_node_id': 3, 'weight': -1.3624697923660278, 'enabled': True, 'innovation': 0}, {'in_node_id': 4, 'out_node_id': 3, 'weight': 0.17542695999145508, 'enabled': True, 'innovation': 1}]

